2025-10-06 17:15:15,838 - INFO - data collection begins:
2025-10-06 17:15:15,839 - INFO - Generating template-based test cases
2025-10-06 17:15:15,860 - INFO - Generated 198 test cases saved to data/templates/systematic_test_cases.json
2025-10-06 17:15:15,860 - INFO - Starting final data collection
2025-10-06 17:15:15,860 - INFO - Target: 100 posts per search term, per period
2025-10-06 17:15:15,860 - INFO - Collecting Reddit data for pre_metoo (2017)
2025-10-06 17:15:15,860 - INFO -   Collecting gender_profession terms...
2025-10-06 17:16:04,542 - INFO - Collected 25 posts for ['man doctor']
2025-10-06 17:16:48,830 - INFO - Collected 13 posts for ['man nurse']
2025-10-06 17:17:37,770 - INFO - Collected 46 posts for ['man engineer']
2025-10-06 17:18:21,872 - INFO - Collected 20 posts for ['man teacher']
2025-10-06 17:19:06,687 - INFO - Collected 15 posts for ['man lawyer']
2025-10-06 17:19:47,863 - INFO - Collected 16 posts for ['man artist']
2025-10-06 17:20:36,858 - INFO - Collected 34 posts for ['woman doctor']
2025-10-06 17:21:20,883 - INFO - Collected 19 posts for ['woman nurse']
2025-10-06 17:22:06,403 - INFO - Collected 32 posts for ['woman engineer']
2025-10-06 17:22:50,947 - INFO - Collected 20 posts for ['woman teacher']
2025-10-06 17:23:33,271 - INFO - Collected 10 posts for ['woman lawyer']
2025-10-06 17:24:13,602 - INFO - Collected 20 posts for ['woman artist']
2025-10-06 17:24:15,607 - INFO -   Collecting race_authority terms...
2025-10-06 17:24:56,316 - INFO - Collected 18 posts for ['black judge']
2025-10-06 17:25:32,185 - INFO - Collected 8 posts for ['black ceo']
2025-10-06 17:26:06,378 - INFO - Collected 7 posts for ['black principal']
2025-10-06 17:27:01,427 - INFO - Collected 27 posts for ['black manager']
2025-10-06 17:27:40,598 - INFO - Collected 20 posts for ['black director']
2025-10-06 17:28:25,195 - INFO - Collected 21 posts for ['white judge']
2025-10-06 17:29:00,947 - INFO - Collected 13 posts for ['white ceo']
2025-10-06 17:29:35,075 - INFO - Collected 5 posts for ['white principal']
2025-10-06 17:30:36,396 - INFO - Collected 36 posts for ['white manager']
2025-10-06 17:31:16,470 - INFO - Collected 20 posts for ['white director']
2025-10-06 17:31:51,989 - INFO - Collected 12 posts for ['asian judge']
2025-10-06 17:32:23,415 - INFO - Collected 5 posts for ['asian ceo']
2025-10-06 17:32:54,181 - INFO - Collected 1 posts for ['asian principal']
2025-10-06 17:33:38,653 - INFO - Collected 24 posts for ['asian manager']
2025-10-06 17:34:11,324 - INFO - Collected 7 posts for ['asian director']
2025-10-06 17:35:37,169 - INFO - Collected 1 posts for ['latino principal']
2025-10-06 17:36:08,667 - INFO - Collected 2 posts for ['latino manager']
2025-10-06 17:36:37,170 - INFO - Collected 1 posts for ['latino director']
2025-10-06 17:37:08,141 - INFO - Collected 1 posts for ['hispanic judge']
2025-10-06 17:37:36,674 - INFO - Collected 2 posts for ['hispanic ceo']
2025-10-06 17:38:05,771 - INFO - Collected 3 posts for ['hispanic principal']
2025-10-06 17:38:39,838 - INFO - Collected 3 posts for ['hispanic manager']
2025-10-06 17:39:09,214 - INFO - Collected 1 posts for ['hispanic director']
2025-10-06 17:39:41,457 - INFO - Collected 7 posts for ['indian judge']
2025-10-06 17:40:11,435 - INFO - Collected 4 posts for ['indian ceo']
2025-10-06 17:41:22,819 - INFO - Collected 14 posts for ['indian manager']
2025-10-06 17:41:53,657 - INFO - Collected 4 posts for ['indian director']
2025-10-06 17:43:54,698 - INFO - Collected 5 posts for ['arab manager']
2025-10-06 17:44:23,598 - INFO - Collected 1 posts for ['arab director']
2025-10-06 17:44:55,485 - INFO - Collected 3 posts for ['african judge']
2025-10-06 17:45:25,360 - INFO - Collected 3 posts for ['african ceo']
2025-10-06 17:45:55,171 - INFO - Collected 1 posts for ['african principal']
2025-10-06 17:46:32,615 - INFO - Collected 7 posts for ['african manager']
2025-10-06 17:47:02,267 - INFO - Collected 1 posts for ['african director']
2025-10-06 17:47:35,468 - INFO - Collected 4 posts for ['european judge']
2025-10-06 17:48:05,759 - INFO - Collected 2 posts for ['european ceo']
2025-10-06 17:49:19,285 - INFO - Collected 22 posts for ['european manager']
2025-10-06 17:50:03,142 - WARNING - Retrying due to ConnectionError(ReadTimeoutError("HTTPSConnectionPool(host='oauth.reddit.com', port=443): Read timed out.")) status: GET https://oauth.reddit.com/r/MensRights/search/
2025-10-06 17:50:04,704 - WARNING - Retrying due to ConnectionError(MaxRetryError('HTTPSConnectionPool(host=\'oauth.reddit.com\', port=443): Max retries exceeded with url: /r/MensRights/search/?q=european+director&restrict_sr=True&sort=top&syntax=lucene&t=all&limit=100&raw_json=1 (Caused by NameResolutionError("<urllib3.connection.HTTPSConnection object at 0x1068a4e10>: Failed to resolve \'oauth.reddit.com\' ([Errno 8] nodename nor servname provided, or not known)"))')) status: GET https://oauth.reddit.com/r/MensRights/search/
2025-10-06 17:50:11,648 - INFO - Collected 5 posts for ['european director']
2025-10-06 17:50:54,598 - INFO - Collected 23 posts for ['american judge']
2025-10-06 17:51:33,506 - INFO - Collected 14 posts for ['american ceo']
2025-10-06 17:52:07,726 - INFO - Collected 8 posts for ['american principal']
2025-10-06 17:53:04,993 - INFO - Collected 26 posts for ['american manager']
2025-10-06 17:53:47,772 - INFO - Collected 10 posts for ['american director']
2025-10-06 17:54:19,233 - INFO - Collected 4 posts for ['chinese judge']
2025-10-06 17:54:49,821 - INFO - Collected 1 posts for ['chinese ceo']
2025-10-06 17:56:00,150 - INFO - Collected 15 posts for ['chinese manager']
2025-10-06 17:56:37,977 - INFO - Collected 4 posts for ['chinese director']
2025-10-06 17:57:08,831 - INFO - Collected 3 posts for ['japanese judge']
2025-10-06 17:58:46,084 - INFO - Collected 13 posts for ['japanese manager']
2025-10-06 17:59:16,259 - INFO - Collected 2 posts for ['japanese director']
2025-10-06 17:59:46,452 - INFO - Collected 4 posts for ['korean judge']
2025-10-06 18:01:18,724 - INFO - Collected 5 posts for ['korean manager']
2025-10-06 18:01:49,772 - INFO - Collected 2 posts for ['korean director']
2025-10-06 18:02:19,603 - INFO - Collected 2 posts for ['mexican judge']
2025-10-06 18:03:17,108 - INFO - Collected 1 posts for ['mexican principal']
2025-10-06 18:03:50,305 - INFO - Collected 5 posts for ['mexican manager']
2025-10-06 18:04:53,463 - INFO - Collected 7 posts for ['brown judge']
2025-10-06 18:05:24,266 - INFO - Collected 2 posts for ['brown ceo']
2025-10-06 18:05:54,462 - INFO - Collected 1 posts for ['brown principal']
2025-10-06 18:06:36,202 - INFO - Collected 12 posts for ['brown manager']
2025-10-06 18:07:06,644 - INFO - Collected 5 posts for ['brown director']
2025-10-06 18:07:54,875 - INFO - Collected 18 posts for ['mixed race judge']
2025-10-06 18:08:40,329 - INFO - Collected 16 posts for ['mixed race ceo']
2025-10-06 18:09:23,871 - INFO - Collected 11 posts for ['mixed race principal']
2025-10-06 18:10:24,064 - INFO - Collected 46 posts for ['mixed race manager']
2025-10-06 18:11:12,395 - INFO - Collected 17 posts for ['mixed race director']
2025-10-06 18:11:14,452 - INFO -   Period total: 868 posts saved to data/processed/reddit_pre_metoo_2017.json
2025-10-06 18:11:14,452 - INFO - Progress: 1/4 periods complete, 868 total posts
2025-10-06 18:11:14,452 - INFO - Collecting Reddit data for post_metoo (2019)
2025-10-06 18:11:14,452 - INFO -   Collecting gender_profession terms...
2025-10-06 18:12:00,397 - INFO - Collected 52 posts for ['man doctor']
2025-10-06 18:12:43,636 - INFO - Collected 28 posts for ['man nurse']
2025-10-06 18:13:31,120 - INFO - Collected 40 posts for ['man engineer']
2025-10-06 18:14:17,256 - INFO - Collected 25 posts for ['man teacher']
2025-10-06 18:15:00,179 - INFO - Collected 33 posts for ['man lawyer']
2025-10-06 18:15:40,412 - INFO - Collected 22 posts for ['man artist']
2025-10-06 18:16:27,812 - INFO - Collected 59 posts for ['woman doctor']
2025-10-06 18:17:11,255 - INFO - Collected 34 posts for ['woman nurse']
2025-10-06 18:17:54,258 - INFO - Collected 54 posts for ['woman engineer']
2025-10-06 18:18:37,707 - INFO - Collected 31 posts for ['woman teacher']
2025-10-06 18:19:19,703 - INFO - Collected 31 posts for ['woman lawyer']
2025-10-06 18:19:59,735 - INFO - Collected 26 posts for ['woman artist']
2025-10-06 18:20:01,746 - INFO -   Collecting race_authority terms...
2025-10-06 18:20:41,279 - INFO - Collected 33 posts for ['black judge']
2025-10-06 18:21:15,795 - INFO - Collected 9 posts for ['black ceo']
2025-10-06 18:21:49,381 - INFO - Collected 12 posts for ['black principal']
2025-10-06 18:22:43,710 - INFO - Collected 57 posts for ['black manager']
2025-10-06 18:23:22,488 - INFO - Collected 20 posts for ['black director']
2025-10-06 18:24:05,258 - INFO - Collected 28 posts for ['white judge']
2025-10-06 18:24:40,315 - INFO - Collected 14 posts for ['white ceo']
2025-10-06 18:25:14,633 - INFO - Collected 15 posts for ['white principal']
2025-10-06 18:26:10,573 - INFO - Collected 67 posts for ['white manager']
2025-10-06 18:26:49,807 - INFO - Collected 18 posts for ['white director']
2025-10-06 18:27:25,467 - INFO - Collected 17 posts for ['asian judge']
2025-10-06 18:27:56,717 - INFO - Collected 4 posts for ['asian ceo']
2025-10-06 18:28:27,305 - INFO - Collected 3 posts for ['asian principal']
2025-10-06 18:29:11,657 - INFO - Collected 33 posts for ['asian manager']
2025-10-06 18:29:43,868 - INFO - Collected 14 posts for ['asian director']
2025-10-06 18:30:42,925 - INFO - Collected 1 posts for ['latino ceo']
2025-10-06 18:31:13,077 - INFO - Collected 2 posts for ['latino principal']
2025-10-06 18:31:43,116 - INFO - Collected 2 posts for ['latino manager']
2025-10-06 18:32:11,932 - INFO - Collected 1 posts for ['latino director']
2025-10-06 18:32:42,858 - INFO - Collected 4 posts for ['hispanic judge']
2025-10-06 18:33:11,571 - INFO - Collected 1 posts for ['hispanic ceo']
2025-10-06 18:33:41,748 - INFO - Collected 4 posts for ['hispanic principal']
2025-10-06 18:34:15,992 - INFO - Collected 6 posts for ['hispanic manager']
2025-10-06 18:34:44,871 - INFO - Collected 3 posts for ['hispanic director']
2025-10-06 18:35:18,645 - INFO - Collected 12 posts for ['indian judge']
2025-10-06 18:35:48,743 - INFO - Collected 5 posts for ['indian ceo']
2025-10-06 18:36:18,643 - INFO - Collected 2 posts for ['indian principal']
2025-10-06 18:36:59,563 - INFO - Collected 24 posts for ['indian manager']
2025-10-06 18:37:29,411 - INFO - Collected 4 posts for ['indian director']
2025-10-06 18:37:59,172 - INFO - Collected 1 posts for ['arab judge']
2025-10-06 18:39:29,902 - INFO - Collected 3 posts for ['arab manager']
2025-10-06 18:39:58,882 - INFO - Collected 1 posts for ['arab director']
2025-10-06 18:40:30,684 - INFO - Collected 2 posts for ['african judge']
2025-10-06 18:41:30,633 - INFO - Collected 3 posts for ['african principal']
2025-10-06 18:42:08,162 - INFO - Collected 10 posts for ['african manager']
2025-10-06 18:42:39,327 - INFO - Collected 4 posts for ['african director']
2025-10-06 18:43:12,660 - INFO - Collected 7 posts for ['european judge']
2025-10-06 18:43:45,401 - INFO - Collected 2 posts for ['european ceo']
2025-10-06 18:44:15,570 - INFO - Collected 1 posts for ['european principal']
2025-10-06 18:44:56,603 - INFO - Collected 25 posts for ['european manager']
2025-10-06 18:45:27,818 - INFO - Collected 2 posts for ['european director']
2025-10-06 18:46:10,283 - INFO - Collected 31 posts for ['american judge']
2025-10-06 18:46:47,222 - INFO - Collected 12 posts for ['american ceo']
2025-10-06 18:47:21,681 - INFO - Collected 12 posts for ['american principal']
2025-10-06 18:48:16,487 - INFO - Collected 67 posts for ['american manager']
2025-10-06 18:48:57,318 - INFO - Collected 26 posts for ['american director']
2025-10-06 18:49:29,156 - INFO - Collected 8 posts for ['chinese judge']
2025-10-06 18:50:03,556 - WARNING - Retrying due to ReadTimeout(ReadTimeoutError("HTTPSConnectionPool(host='oauth.reddit.com', port=443): Read timed out. (read timeout=16.0)")) status: GET https://oauth.reddit.com/r/consulting/search/
2025-10-06 18:50:16,867 - INFO - Collected 1 posts for ['chinese ceo']
2025-10-06 18:50:46,400 - INFO - Collected 5 posts for ['chinese principal']
2025-10-06 18:51:27,366 - INFO - Collected 24 posts for ['chinese manager']
2025-10-06 18:51:58,121 - INFO - Collected 6 posts for ['chinese director']
2025-10-06 18:52:28,096 - INFO - Collected 2 posts for ['japanese judge']
2025-10-06 18:52:58,538 - INFO - Collected 1 posts for ['japanese ceo']
2025-10-06 18:53:27,351 - INFO - Collected 2 posts for ['japanese principal']
2025-10-06 18:54:04,075 - INFO - Collected 14 posts for ['japanese manager']
2025-10-06 18:54:33,990 - INFO - Collected 2 posts for ['japanese director']
2025-10-06 18:55:05,901 - INFO - Collected 2 posts for ['korean judge']
2025-10-06 18:56:04,127 - INFO - Collected 1 posts for ['korean principal']
2025-10-06 18:56:37,861 - INFO - Collected 5 posts for ['korean manager']
2025-10-06 18:57:07,794 - INFO - Collected 5 posts for ['korean director']
2025-10-06 18:57:39,060 - INFO - Collected 1 posts for ['mexican judge']
2025-10-06 18:58:36,979 - INFO - Collected 3 posts for ['mexican principal']
2025-10-06 18:59:09,929 - INFO - Collected 3 posts for ['mexican manager']
2025-10-06 18:59:39,119 - INFO - Collected 1 posts for ['mexican director']
2025-10-06 19:00:12,556 - INFO - Collected 4 posts for ['brown judge']
2025-10-06 19:00:41,596 - INFO - Collected 2 posts for ['brown ceo']
2025-10-06 19:01:13,789 - INFO - Collected 5 posts for ['brown principal']
2025-10-06 19:01:53,623 - INFO - Collected 12 posts for ['brown manager']
2025-10-06 19:02:23,830 - INFO - Collected 1 posts for ['brown director']
2025-10-06 19:03:11,018 - INFO - Collected 32 posts for ['mixed race judge']
2025-10-06 19:03:56,933 - INFO - Collected 15 posts for ['mixed race ceo']
2025-10-06 19:04:39,371 - INFO - Collected 20 posts for ['mixed race principal']
2025-10-06 19:05:38,175 - INFO - Collected 62 posts for ['mixed race manager']
2025-10-06 19:06:25,892 - INFO - Collected 32 posts for ['mixed race director']
2025-10-06 19:06:27,973 - INFO -   Period total: 1330 posts saved to data/processed/reddit_post_metoo_2019.json
2025-10-06 19:06:27,973 - INFO - Progress: 2/4 periods complete, 2198 total posts
2025-10-06 19:06:27,973 - INFO - Collecting Reddit data for covid_era (2021)
2025-10-06 19:06:27,973 - INFO -   Collecting gender_profession terms...
2025-10-06 19:07:14,625 - INFO - Collected 87 posts for ['man doctor']
2025-10-06 19:07:58,217 - INFO - Collected 57 posts for ['man nurse']
2025-10-06 19:08:45,507 - INFO - Collected 63 posts for ['man engineer']
2025-10-06 19:09:32,331 - INFO - Collected 74 posts for ['man teacher']
2025-10-06 19:10:15,359 - INFO - Collected 45 posts for ['man lawyer']
2025-10-06 19:10:57,382 - INFO - Collected 29 posts for ['man artist']
2025-10-06 19:11:45,788 - INFO - Collected 93 posts for ['woman doctor']
2025-10-06 19:12:30,330 - INFO - Collected 57 posts for ['woman nurse']
2025-10-06 19:13:16,799 - INFO - Collected 53 posts for ['woman engineer']
2025-10-06 19:14:01,003 - INFO - Collected 66 posts for ['woman teacher']
2025-10-06 19:14:42,451 - INFO - Collected 40 posts for ['woman lawyer']
2025-10-06 19:15:23,864 - INFO - Collected 42 posts for ['woman artist']
2025-10-06 19:15:25,869 - INFO -   Collecting race_authority terms...
2025-10-06 19:16:07,049 - INFO - Collected 31 posts for ['black judge']
2025-10-06 19:16:42,095 - INFO - Collected 15 posts for ['black ceo']
2025-10-06 19:17:15,891 - INFO - Collected 16 posts for ['black principal']
2025-10-06 19:18:10,866 - INFO - Collected 93 posts for ['black manager']
2025-10-06 19:18:51,641 - INFO - Collected 23 posts for ['black director']
2025-10-06 19:19:34,882 - INFO - Collected 39 posts for ['white judge']
2025-10-06 19:20:09,740 - INFO - Collected 20 posts for ['white ceo']
2025-10-06 19:20:45,603 - INFO - Collected 18 posts for ['white principal']
2025-10-06 19:21:42,894 - INFO - Collected 97 posts for ['white manager']
2025-10-06 19:22:22,753 - INFO - Collected 30 posts for ['white director']
2025-10-06 19:22:56,946 - INFO - Collected 12 posts for ['asian judge']
2025-10-06 19:23:29,891 - INFO - Collected 6 posts for ['asian ceo']
2025-10-06 19:23:59,966 - INFO - Collected 6 posts for ['asian principal']
2025-10-06 19:24:43,280 - INFO - Collected 46 posts for ['asian manager']
2025-10-06 19:25:17,189 - INFO - Collected 18 posts for ['asian director']
2025-10-06 19:26:45,063 - INFO - Collected 1 posts for ['latino principal']
2025-10-06 19:27:16,180 - INFO - Collected 4 posts for ['latino manager']
2025-10-06 19:28:15,212 - INFO - Collected 4 posts for ['hispanic judge']
2025-10-06 19:29:16,878 - INFO - Collected 5 posts for ['hispanic principal']
2025-10-06 19:29:51,712 - INFO - Collected 9 posts for ['hispanic manager']
2025-10-06 19:30:53,909 - INFO - Collected 5 posts for ['indian judge']
2025-10-06 19:31:24,292 - INFO - Collected 4 posts for ['indian ceo']
2025-10-06 19:31:54,313 - INFO - Collected 6 posts for ['indian principal']
2025-10-06 19:32:34,770 - INFO - Collected 26 posts for ['indian manager']
2025-10-06 19:33:05,637 - INFO - Collected 5 posts for ['indian director']
2025-10-06 19:33:35,554 - INFO - Collected 1 posts for ['arab judge']
2025-10-06 19:34:04,413 - INFO - Collected 1 posts for ['arab ceo']
2025-10-06 19:35:07,466 - INFO - Collected 2 posts for ['arab manager']
2025-10-06 19:36:08,096 - INFO - Collected 2 posts for ['african judge']
2025-10-06 19:36:37,555 - INFO - Collected 2 posts for ['african ceo']
2025-10-06 19:37:08,589 - INFO - Collected 4 posts for ['african principal']
2025-10-06 19:37:45,172 - INFO - Collected 15 posts for ['african manager']
2025-10-06 19:38:15,989 - INFO - Collected 7 posts for ['african director']
2025-10-06 19:38:52,076 - INFO - Collected 7 posts for ['european judge']
2025-10-06 19:39:23,190 - INFO - Collected 4 posts for ['european ceo']
2025-10-06 19:40:37,116 - INFO - Collected 28 posts for ['european manager']
2025-10-06 19:41:10,062 - INFO - Collected 5 posts for ['european director']
2025-10-06 19:41:52,321 - INFO - Collected 31 posts for ['american judge']
2025-10-06 19:42:30,399 - INFO - Collected 22 posts for ['american ceo']
2025-10-06 19:43:06,053 - INFO - Collected 12 posts for ['american principal']
2025-10-06 19:44:05,156 - INFO - Collected 82 posts for ['american manager']
2025-10-06 19:44:47,248 - INFO - Collected 35 posts for ['american director']
2025-10-06 19:45:21,078 - INFO - Collected 6 posts for ['chinese judge']
2025-10-06 19:45:51,597 - INFO - Collected 5 posts for ['chinese ceo']
2025-10-06 19:46:22,413 - INFO - Collected 1 posts for ['chinese principal']
2025-10-06 19:47:04,883 - INFO - Collected 38 posts for ['chinese manager']
2025-10-06 19:47:36,894 - INFO - Collected 6 posts for ['chinese director']
2025-10-06 19:48:07,358 - INFO - Collected 5 posts for ['japanese judge']
2025-10-06 19:48:36,886 - INFO - Collected 2 posts for ['japanese ceo']
2025-10-06 19:49:08,159 - INFO - Collected 1 posts for ['japanese principal']
2025-10-06 19:49:45,645 - INFO - Collected 20 posts for ['japanese manager']
2025-10-06 19:50:17,549 - INFO - Collected 2 posts for ['japanese director']
2025-10-06 19:51:18,743 - INFO - Collected 1 posts for ['korean ceo']
2025-10-06 19:51:47,133 - INFO - Collected 2 posts for ['korean principal']
2025-10-06 19:52:20,890 - INFO - Collected 6 posts for ['korean manager']
2025-10-06 19:52:51,217 - INFO - Collected 1 posts for ['korean director']
2025-10-06 19:53:21,849 - INFO - Collected 1 posts for ['mexican judge']
2025-10-06 19:54:21,756 - INFO - Collected 3 posts for ['mexican principal']
2025-10-06 19:54:56,550 - INFO - Collected 8 posts for ['mexican manager']
2025-10-06 19:55:59,545 - INFO - Collected 8 posts for ['brown judge']
2025-10-06 19:56:29,368 - INFO - Collected 2 posts for ['brown ceo']
2025-10-06 19:56:59,593 - INFO - Collected 6 posts for ['brown principal']
2025-10-06 19:57:38,500 - INFO - Collected 13 posts for ['brown manager']
2025-10-06 19:58:09,352 - INFO - Collected 5 posts for ['brown director']
2025-10-06 19:58:58,903 - INFO - Collected 40 posts for ['mixed race judge']
2025-10-06 19:59:45,109 - INFO - Collected 32 posts for ['mixed race ceo']
2025-10-06 20:00:03,130 - WARNING - Retrying due to ReadTimeout(ReadTimeoutError("HTTPSConnectionPool(host='oauth.reddit.com', port=443): Read timed out. (read timeout=16.0)")) status: GET https://oauth.reddit.com/r/jobs/search/
2025-10-06 20:00:45,204 - INFO - Collected 32 posts for ['mixed race principal']
2025-10-06 20:01:43,830 - INFO - Collected 98 posts for ['mixed race manager']
2025-10-06 20:02:31,434 - INFO - Collected 53 posts for ['mixed race director']
2025-10-06 20:02:33,521 - INFO -   Period total: 1902 posts saved to data/processed/reddit_covid_era_2021.json
2025-10-06 20:02:33,521 - INFO - Progress: 3/4 periods complete, 4100 total posts
2025-10-06 20:02:33,521 - INFO - Collecting Reddit data for post_blm (2023)
2025-10-06 20:02:33,521 - INFO -   Collecting gender_profession terms...
2025-10-06 20:03:19,758 - INFO - Collected 89 posts for ['man doctor']
2025-10-06 20:04:03,665 - INFO - Collected 51 posts for ['man nurse']
2025-10-06 20:04:54,159 - INFO - Collected 73 posts for ['man engineer']
2025-10-06 20:05:39,306 - INFO - Collected 78 posts for ['man teacher']
2025-10-06 20:06:22,496 - INFO - Collected 53 posts for ['man lawyer']
2025-10-06 20:07:03,983 - INFO - Collected 41 posts for ['man artist']
2025-10-06 20:07:54,873 - INFO - Collected 96 posts for ['woman doctor']
2025-10-06 20:08:38,837 - INFO - Collected 61 posts for ['woman nurse']
2025-10-06 20:09:23,938 - INFO - Collected 47 posts for ['woman engineer']
2025-10-06 20:10:08,523 - INFO - Collected 76 posts for ['woman teacher']
2025-10-06 20:10:51,792 - INFO - Collected 42 posts for ['woman lawyer']
2025-10-06 20:11:34,842 - INFO - Collected 37 posts for ['woman artist']
2025-10-06 20:11:36,848 - INFO -   Collecting race_authority terms...
2025-10-06 20:12:20,856 - INFO - Collected 36 posts for ['black judge']
2025-10-06 20:12:55,510 - INFO - Collected 20 posts for ['black ceo']
2025-10-06 20:13:28,511 - INFO - Collected 27 posts for ['black principal']
2025-10-06 20:14:21,720 - INFO - Collected 92 posts for ['black manager']
2025-10-06 20:15:00,365 - INFO - Collected 35 posts for ['black director']
2025-10-06 20:15:43,094 - INFO - Collected 44 posts for ['white judge']
2025-10-06 20:16:18,164 - INFO - Collected 17 posts for ['white ceo']
2025-10-06 20:16:53,737 - INFO - Collected 19 posts for ['white principal']
2025-10-06 20:17:47,057 - INFO - Collected 100 posts for ['white manager']
2025-10-06 20:18:26,160 - INFO - Collected 29 posts for ['white director']
2025-10-06 20:19:00,666 - INFO - Collected 15 posts for ['asian judge']
2025-10-06 20:19:32,633 - INFO - Collected 3 posts for ['asian ceo']
2025-10-06 20:20:03,509 - INFO - Collected 4 posts for ['asian principal']
2025-10-06 20:20:50,470 - INFO - Collected 40 posts for ['asian manager']
2025-10-06 20:21:23,115 - INFO - Collected 15 posts for ['asian director']
2025-10-06 20:22:23,727 - INFO - Collected 1 posts for ['latino ceo']
2025-10-06 20:22:53,912 - INFO - Collected 2 posts for ['latino principal']
2025-10-06 20:23:24,963 - INFO - Collected 6 posts for ['latino manager']
2025-10-06 20:24:26,025 - INFO - Collected 4 posts for ['hispanic judge']
2025-10-06 20:24:55,181 - INFO - Collected 2 posts for ['hispanic ceo']
2025-10-06 20:25:25,565 - INFO - Collected 6 posts for ['hispanic principal']
2025-10-06 20:25:59,886 - INFO - Collected 19 posts for ['hispanic manager']
2025-10-06 20:26:28,726 - INFO - Collected 5 posts for ['hispanic director']
2025-10-06 20:27:02,799 - INFO - Collected 13 posts for ['indian judge']
2025-10-06 20:27:32,558 - INFO - Collected 6 posts for ['indian ceo']
2025-10-06 20:28:44,737 - INFO - Collected 29 posts for ['indian manager']
2025-10-06 20:29:14,921 - INFO - Collected 3 posts for ['indian director']
2025-10-06 20:30:18,065 - INFO - Collected 1 posts for ['arab ceo']
2025-10-06 20:30:47,644 - INFO - Collected 1 posts for ['arab principal']
2025-10-06 20:31:24,601 - INFO - Collected 6 posts for ['arab manager']
2025-10-06 20:31:54,060 - INFO - Collected 3 posts for ['arab director']
2025-10-06 20:32:25,541 - INFO - Collected 3 posts for ['african judge']
2025-10-06 20:32:56,757 - INFO - Collected 2 posts for ['african ceo']
2025-10-06 20:33:26,266 - INFO - Collected 4 posts for ['african principal']
2025-10-06 20:34:03,109 - INFO - Collected 11 posts for ['african manager']
2025-10-06 20:34:32,962 - INFO - Collected 1 posts for ['african director']
2025-10-06 20:35:05,447 - INFO - Collected 11 posts for ['european judge']
2025-10-06 20:35:36,004 - INFO - Collected 5 posts for ['european ceo']
2025-10-06 20:36:06,283 - INFO - Collected 3 posts for ['european principal']
2025-10-06 20:36:49,560 - INFO - Collected 37 posts for ['european manager']
2025-10-06 20:37:20,209 - INFO - Collected 9 posts for ['european director']
2025-10-06 20:38:04,528 - INFO - Collected 42 posts for ['american judge']
2025-10-06 20:38:42,612 - INFO - Collected 33 posts for ['american ceo']
2025-10-06 20:39:17,311 - INFO - Collected 17 posts for ['american principal']
2025-10-06 20:40:11,798 - INFO - Collected 74 posts for ['american manager']
2025-10-06 20:40:52,597 - INFO - Collected 35 posts for ['american director']
2025-10-06 20:41:26,253 - INFO - Collected 5 posts for ['chinese judge']
2025-10-06 20:41:56,523 - INFO - Collected 2 posts for ['chinese ceo']
2025-10-06 20:42:26,935 - INFO - Collected 1 posts for ['chinese principal']
2025-10-06 20:43:09,345 - INFO - Collected 25 posts for ['chinese manager']
2025-10-06 20:43:40,444 - INFO - Collected 5 posts for ['chinese director']
2025-10-06 20:44:10,978 - INFO - Collected 3 posts for ['japanese judge']
2025-10-06 20:44:40,614 - INFO - Collected 2 posts for ['japanese ceo']
2025-10-06 20:45:09,690 - INFO - Collected 2 posts for ['japanese principal']
2025-10-06 20:45:47,007 - INFO - Collected 20 posts for ['japanese manager']
2025-10-06 20:46:17,214 - INFO - Collected 6 posts for ['japanese director']
2025-10-06 20:46:49,738 - INFO - Collected 4 posts for ['korean judge']
2025-10-06 20:47:19,214 - INFO - Collected 3 posts for ['korean ceo']
2025-10-06 20:48:20,548 - INFO - Collected 10 posts for ['korean manager']
2025-10-06 20:48:50,935 - INFO - Collected 2 posts for ['korean director']
2025-10-06 20:49:20,895 - INFO - Collected 4 posts for ['mexican judge']
2025-10-06 20:49:50,490 - INFO - Collected 1 posts for ['mexican ceo']
2025-10-06 20:50:19,695 - INFO - Collected 1 posts for ['mexican principal']
2025-10-06 20:50:53,430 - INFO - Collected 12 posts for ['mexican manager']
2025-10-06 20:51:23,416 - INFO - Collected 1 posts for ['mexican director']
2025-10-06 20:51:56,939 - INFO - Collected 15 posts for ['brown judge']
2025-10-06 20:52:25,930 - INFO - Collected 3 posts for ['brown ceo']
2025-10-06 20:52:58,751 - INFO - Collected 5 posts for ['brown principal']
2025-10-06 20:53:37,402 - INFO - Collected 15 posts for ['brown manager']
2025-10-06 20:54:07,569 - INFO - Collected 4 posts for ['brown director']
2025-10-06 20:54:55,980 - INFO - Collected 39 posts for ['mixed race judge']
2025-10-06 20:55:41,601 - INFO - Collected 46 posts for ['mixed race ceo']
2025-10-06 20:56:24,346 - INFO - Collected 22 posts for ['mixed race principal']
2025-10-06 20:57:24,467 - INFO - Collected 88 posts for ['mixed race manager']
2025-10-06 20:58:11,980 - INFO - Collected 43 posts for ['mixed race director']
2025-10-06 20:58:14,062 - INFO -   Period total: 2023 posts saved to data/processed/reddit_post_blm_2023.json
2025-10-06 20:58:14,062 - INFO - Progress: 4/4 periods complete, 6123 total posts
2025-10-06 20:58:14,062 - INFO - Beginning dataset collection:
2025-10-06 20:58:14,525 - INFO - Analysis-ready dataset saved to data/bias_research_dataset.json
2025-10-06 20:58:14,525 - INFO - data collected
2025-10-06 20:58:14,525 - INFO - Duration: 3:42:58.686773
2025-10-06 20:58:14,525 - INFO - Template test cases: 198
2025-10-06 20:58:14,525 - INFO - Reddit posts collected: 6123
2025-10-06 20:58:14,525 - INFO - Periods covered: 4
2025-10-06 20:58:14,525 - INFO - Data saved to: data
